<component name="libraryTable">
  <library name="junit-jupiter-api-5.7.2">
    <CLASSES>
      <root url="jar://$PROJECT_DIR$/data/junit-jupiter-api-5.7.2.jar!/" />
    </CLASSES>
    <JAVADOC />
    <SOURCES />
  </library>
</component>